Installing Apache HTTP 2.0 server with
 DomainName =    example.com
 ServerName =    www.example.com
 ServerAdmin =   admin@example.com
 ServerPort =    80
 ServerSslPort = 80
 ServerRoot =    C:/Research/Nightly/snapshots/gs287/compiled/apache-httpd/windows
Rewrote docs/conf/extra/httpd-autoindex.conf.in
 to C:/Research/Nightly/snapshots/gs287/compiled/apache-httpd/windows/conf/original/extra/httpd-autoindex.conf
Rewrote docs/conf/extra/httpd-default.conf.in
 to C:/Research/Nightly/snapshots/gs287/compiled/apache-httpd/windows/conf/original/extra/httpd-default.conf
Rewrote docs/conf/extra/httpd-ssl.conf.in
 to C:/Research/Nightly/snapshots/gs287/compiled/apache-httpd/windows/conf/original/extra/httpd-ssl.conf
Rewrote docs/conf/extra/httpd-multilang-errordoc.conf.in
 to C:/Research/Nightly/snapshots/gs287/compiled/apache-httpd/windows/conf/original/extra/httpd-multilang-errordoc.conf
Rewrote docs/conf/extra/httpd-info.conf.in
 to C:/Research/Nightly/snapshots/gs287/compiled/apache-httpd/windows/conf/original/extra/httpd-info.conf
Rewrote docs/conf/extra/httpd-userdir.conf.in
 to C:/Research/Nightly/snapshots/gs287/compiled/apache-httpd/windows/conf/original/extra/httpd-userdir.conf
Rewrote docs/conf/extra/httpd-mpm.conf.in
 to C:/Research/Nightly/snapshots/gs287/compiled/apache-httpd/windows/conf/original/extra/httpd-mpm.conf
Rewrote docs/conf/httpd.conf.in
 to C:/Research/Nightly/snapshots/gs287/compiled/apache-httpd/windows/conf/original/httpd.conf
Rewrote docs/conf/extra/httpd-vhosts.conf.in
 to C:/Research/Nightly/snapshots/gs287/compiled/apache-httpd/windows/conf/original/extra/httpd-vhosts.conf
Rewrote docs/conf/extra/httpd-dav.conf.in
 to C:/Research/Nightly/snapshots/gs287/compiled/apache-httpd/windows/conf/original/extra/httpd-dav.conf
Rewrote docs/conf/extra/httpd-languages.conf.in
 to C:/Research/Nightly/snapshots/gs287/compiled/apache-httpd/windows/conf/original/extra/httpd-languages.conf
Rewrote docs/conf/extra/httpd-manual.conf.in
 to C:/Research/Nightly/snapshots/gs287/compiled/apache-httpd/windows/conf/original/extra/httpd-manual.conf
Existing file C:/Research/Nightly/snapshots/gs287/compiled/apache-httpd/windows/conf/extra/httpd-autoindex.conf preserved
Existing file C:/Research/Nightly/snapshots/gs287/compiled/apache-httpd/windows/conf/extra/httpd-default.conf preserved
Existing file C:/Research/Nightly/snapshots/gs287/compiled/apache-httpd/windows/conf/extra/httpd-ssl.conf preserved
Existing file C:/Research/Nightly/snapshots/gs287/compiled/apache-httpd/windows/conf/extra/httpd-multilang-errordoc.conf preserved
Existing file C:/Research/Nightly/snapshots/gs287/compiled/apache-httpd/windows/conf/extra/httpd-info.conf preserved
Existing file C:/Research/Nightly/snapshots/gs287/compiled/apache-httpd/windows/conf/extra/httpd-userdir.conf preserved
Existing file C:/Research/Nightly/snapshots/gs287/compiled/apache-httpd/windows/conf/extra/httpd-mpm.conf preserved
Existing file C:/Research/Nightly/snapshots/gs287/compiled/apache-httpd/windows/conf/httpd.conf preserved
Existing file C:/Research/Nightly/snapshots/gs287/compiled/apache-httpd/windows/conf/magic preserved
Existing file C:/Research/Nightly/snapshots/gs287/compiled/apache-httpd/windows/conf/charset.conv preserved
Existing file C:/Research/Nightly/snapshots/gs287/compiled/apache-httpd/windows/conf/extra/httpd-vhosts.conf preserved
Existing file C:/Research/Nightly/snapshots/gs287/compiled/apache-httpd/windows/conf/extra/httpd-dav.conf preserved
Existing file C:/Research/Nightly/snapshots/gs287/compiled/apache-httpd/windows/conf/mime.types preserved
Existing file C:/Research/Nightly/snapshots/gs287/compiled/apache-httpd/windows/conf/extra/httpd-languages.conf preserved
Existing file C:/Research/Nightly/snapshots/gs287/compiled/apache-httpd/windows/conf/extra/httpd-manual.conf preserved
